[0.163s] DEBUG:colcon:Command line arguments: ['/usr/bin/colcon', 'build']
[0.163s] DEBUG:colcon:Parsed command line arguments: Namespace(log_base=None, log_level=None, verb_name='build', build_base='build', install_base='install', merge_install=False, symlink_install=False, test_result_base=None, continue_on_error=False, executor='parallel', parallel_workers=4, event_handlers=None, ignore_user_meta=False, metas=['./colcon.meta'], base_paths=['.'], packages_ignore=None, packages_ignore_regex=None, paths=None, packages_up_to=None, packages_up_to_regex=None, packages_above=None, packages_above_and_dependencies=None, packages_above_depth=None, packages_select_by_dep=None, packages_skip_by_dep=None, packages_skip_up_to=None, packages_select_build_failed=False, packages_skip_build_finished=False, packages_select_test_failures=False, packages_skip_test_passed=False, packages_select=None, packages_skip=None, packages_select_regex=None, packages_skip_regex=None, packages_start=None, packages_end=None, allow_overriding=[], cmake_args=None, cmake_target=None, cmake_target_skip_unavailable=False, cmake_clean_cache=False, cmake_clean_first=False, cmake_force_configure=False, ament_cmake_args=None, catkin_cmake_args=None, catkin_skip_building_tests=False, mixin_files=None, mixin=None, verb_parser=<colcon_mixin.mixin.mixin_argument.MixinArgumentDecorator object at 0xffffb7c13470>, verb_extension=<colcon_core.verb.build.BuildVerb object at 0xffffb7dfbe30>, main=<bound method BuildVerb.main of <colcon_core.verb.build.BuildVerb object at 0xffffb7dfbe30>>, mixin_verb=('build',))
[0.220s] Level 1:colcon.colcon_core.package_discovery:discover_packages(colcon_meta) check parameters
[0.220s] Level 1:colcon.colcon_core.package_discovery:discover_packages(recursive) check parameters
[0.221s] Level 1:colcon.colcon_core.package_discovery:discover_packages(ignore) check parameters
[0.221s] Level 1:colcon.colcon_core.package_discovery:discover_packages(path) check parameters
[0.221s] Level 1:colcon.colcon_core.package_discovery:discover_packages(colcon_meta) discover
[0.221s] Level 1:colcon.colcon_core.package_discovery:discover_packages(recursive) discover
[0.221s] INFO:colcon.colcon_core.package_discovery:Crawling recursively for packages in '/home/bernd/ros2_ws/rover_4wheels'
[0.221s] Level 1:colcon.colcon_core.package_identification:_identify(.) by extensions ['ignore', 'ignore_ament_install']
[0.221s] Level 1:colcon.colcon_core.package_identification:_identify(.) by extension 'ignore'
[0.221s] Level 1:colcon.colcon_core.package_identification:_identify(.) by extension 'ignore_ament_install'
[0.221s] Level 1:colcon.colcon_core.package_identification:_identify(.) by extensions ['colcon_pkg']
[0.221s] Level 1:colcon.colcon_core.package_identification:_identify(.) by extension 'colcon_pkg'
[0.221s] Level 1:colcon.colcon_core.package_identification:_identify(.) by extensions ['colcon_meta']
[0.221s] Level 1:colcon.colcon_core.package_identification:_identify(.) by extension 'colcon_meta'
[0.221s] Level 1:colcon.colcon_core.package_identification:_identify(.) by extensions ['ros']
[0.221s] Level 1:colcon.colcon_core.package_identification:_identify(.) by extension 'ros'
[0.261s] DEBUG:colcon.colcon_core.package_identification:Package '.' with type 'ros.ament_python' and name 'rover_4wheels'
[0.261s] Level 1:colcon.colcon_core.package_discovery:discover_packages(recursive) using defaults
[0.261s] Level 1:colcon.colcon_core.package_discovery:discover_packages(ignore) discover
[0.261s] Level 1:colcon.colcon_core.package_discovery:discover_packages(ignore) using defaults
[0.261s] Level 1:colcon.colcon_core.package_discovery:discover_packages(path) discover
[0.261s] Level 1:colcon.colcon_core.package_discovery:discover_packages(path) using defaults
[0.285s] Level 1:colcon.colcon_core.package_discovery:discover_packages(prefix_path) check parameters
[0.285s] Level 1:colcon.colcon_core.package_discovery:discover_packages(prefix_path) discover
[0.288s] DEBUG:colcon.colcon_installed_package_information.package_discovery:Found 1 installed packages in /home/bernd/ros2_ws/rover_4wheels/install
[0.290s] DEBUG:colcon.colcon_installed_package_information.package_discovery:Found 387 installed packages in /opt/ros/jazzy
[0.293s] Level 1:colcon.colcon_core.package_discovery:discover_packages(prefix_path) using defaults
[0.370s] Level 5:colcon.colcon_core.verb:set package 'rover_4wheels' build argument 'cmake_args' from command line to 'None'
[0.370s] Level 5:colcon.colcon_core.verb:set package 'rover_4wheels' build argument 'cmake_target' from command line to 'None'
[0.370s] Level 5:colcon.colcon_core.verb:set package 'rover_4wheels' build argument 'cmake_target_skip_unavailable' from command line to 'False'
[0.370s] Level 5:colcon.colcon_core.verb:set package 'rover_4wheels' build argument 'cmake_clean_cache' from command line to 'False'
[0.371s] Level 5:colcon.colcon_core.verb:set package 'rover_4wheels' build argument 'cmake_clean_first' from command line to 'False'
[0.371s] Level 5:colcon.colcon_core.verb:set package 'rover_4wheels' build argument 'cmake_force_configure' from command line to 'False'
[0.371s] Level 5:colcon.colcon_core.verb:set package 'rover_4wheels' build argument 'ament_cmake_args' from command line to 'None'
[0.371s] Level 5:colcon.colcon_core.verb:set package 'rover_4wheels' build argument 'catkin_cmake_args' from command line to 'None'
[0.371s] Level 5:colcon.colcon_core.verb:set package 'rover_4wheels' build argument 'catkin_skip_building_tests' from command line to 'False'
[0.371s] DEBUG:colcon.colcon_core.verb:Building package 'rover_4wheels' with the following arguments: {'ament_cmake_args': None, 'build_base': '/home/bernd/ros2_ws/rover_4wheels/build/rover_4wheels', 'catkin_cmake_args': None, 'catkin_skip_building_tests': False, 'cmake_args': None, 'cmake_clean_cache': False, 'cmake_clean_first': False, 'cmake_force_configure': False, 'cmake_target': None, 'cmake_target_skip_unavailable': False, 'install_base': '/home/bernd/ros2_ws/rover_4wheels/install/rover_4wheels', 'merge_install': False, 'path': '/home/bernd/ros2_ws/rover_4wheels', 'symlink_install': False, 'test_result_base': None}
[0.371s] INFO:colcon.colcon_core.executor:Executing jobs using 'parallel' executor
[0.372s] DEBUG:colcon.colcon_parallel_executor.executor.parallel:run_until_complete
[0.373s] INFO:colcon.colcon_ros.task.ament_python.build:Building ROS package in '/home/bernd/ros2_ws/rover_4wheels' with build type 'ament_python'
[0.373s] Level 1:colcon.colcon_core.shell:create_environment_hook('rover_4wheels', 'ament_prefix_path')
[0.375s] INFO:colcon.colcon_core.plugin_system:Skipping extension 'colcon_core.shell.bat': Not used on non-Windows systems
[0.375s] INFO:colcon.colcon_core.shell:Creating environment hook '/home/bernd/ros2_ws/rover_4wheels/install/rover_4wheels/share/rover_4wheels/hook/ament_prefix_path.ps1'
[0.376s] INFO:colcon.colcon_core.shell:Creating environment descriptor '/home/bernd/ros2_ws/rover_4wheels/install/rover_4wheels/share/rover_4wheels/hook/ament_prefix_path.dsv'
[0.377s] INFO:colcon.colcon_core.shell:Creating environment hook '/home/bernd/ros2_ws/rover_4wheels/install/rover_4wheels/share/rover_4wheels/hook/ament_prefix_path.sh'
[0.378s] INFO:colcon.colcon_core.shell:Skip shell extension 'powershell' for command environment: Not usable outside of PowerShell
[0.378s] DEBUG:colcon.colcon_core.shell:Skip shell extension 'dsv' for command environment
[0.764s] INFO:colcon.colcon_core.task.python.build:Building Python package in '/home/bernd/ros2_ws/rover_4wheels'
[0.764s] INFO:colcon.colcon_core.shell:Skip shell extension 'powershell' for command environment: Not usable outside of PowerShell
[0.764s] DEBUG:colcon.colcon_core.shell:Skip shell extension 'dsv' for command environment
[1.879s] DEBUG:colcon.colcon_core.event_handler.log_command:Invoking command in '/home/bernd/ros2_ws/rover_4wheels': DEBUGINFOD_URLS=https://debuginfod.ubuntu.com PYTHONPATH=/home/bernd/ros2_ws/rover_4wheels/build/rover_4wheels/prefix_override:/usr/lib/python3/dist-packages/colcon_core/task/python/colcon_distutils_commands:/home/bernd/ros2_ws/rover_4wheels/install/rover_4wheels/lib/python3.12/site-packages:${PYTHONPATH} /usr/bin/python3 -W ignore:setup.py install is deprecated -W ignore:easy_install command is deprecated setup.py egg_info --egg-base build/rover_4wheels build --build-base /home/bernd/ros2_ws/rover_4wheels/build/rover_4wheels/build install --record /home/bernd/ros2_ws/rover_4wheels/build/rover_4wheels/install.log --single-version-externally-managed install_data
[2.920s] DEBUG:colcon.colcon_core.event_handler.log_command:Invoked command in '/home/bernd/ros2_ws/rover_4wheels' returned '0': DEBUGINFOD_URLS=https://debuginfod.ubuntu.com PYTHONPATH=/home/bernd/ros2_ws/rover_4wheels/build/rover_4wheels/prefix_override:/usr/lib/python3/dist-packages/colcon_core/task/python/colcon_distutils_commands:/home/bernd/ros2_ws/rover_4wheels/install/rover_4wheels/lib/python3.12/site-packages:${PYTHONPATH} /usr/bin/python3 -W ignore:setup.py install is deprecated -W ignore:easy_install command is deprecated setup.py egg_info --egg-base build/rover_4wheels build --build-base /home/bernd/ros2_ws/rover_4wheels/build/rover_4wheels/build install --record /home/bernd/ros2_ws/rover_4wheels/build/rover_4wheels/install.log --single-version-externally-managed install_data
[2.923s] Level 1:colcon.colcon_core.environment:checking '/home/bernd/ros2_ws/rover_4wheels/install/rover_4wheels' for CMake module files
[2.923s] Level 1:colcon.colcon_core.environment:checking '/home/bernd/ros2_ws/rover_4wheels/install/rover_4wheels' for CMake config files
[2.924s] Level 1:colcon.colcon_core.environment:checking '/home/bernd/ros2_ws/rover_4wheels/install/rover_4wheels/lib'
[2.924s] Level 1:colcon.colcon_core.environment:checking '/home/bernd/ros2_ws/rover_4wheels/install/rover_4wheels/bin'
[2.925s] Level 1:colcon.colcon_core.environment:checking '/home/bernd/ros2_ws/rover_4wheels/install/rover_4wheels/lib/pkgconfig/rover_4wheels.pc'
[2.925s] Level 1:colcon.colcon_core.environment:checking '/home/bernd/ros2_ws/rover_4wheels/install/rover_4wheels/lib/python3.12/site-packages'
[2.925s] Level 1:colcon.colcon_core.shell:create_environment_hook('rover_4wheels', 'pythonpath')
[2.925s] INFO:colcon.colcon_core.shell:Creating environment hook '/home/bernd/ros2_ws/rover_4wheels/install/rover_4wheels/share/rover_4wheels/hook/pythonpath.ps1'
[2.926s] INFO:colcon.colcon_core.shell:Creating environment descriptor '/home/bernd/ros2_ws/rover_4wheels/install/rover_4wheels/share/rover_4wheels/hook/pythonpath.dsv'
[2.926s] INFO:colcon.colcon_core.shell:Creating environment hook '/home/bernd/ros2_ws/rover_4wheels/install/rover_4wheels/share/rover_4wheels/hook/pythonpath.sh'
[2.927s] Level 1:colcon.colcon_core.environment:checking '/home/bernd/ros2_ws/rover_4wheels/install/rover_4wheels/bin'
[2.927s] Level 1:colcon.colcon_core.environment:create_environment_scripts_only(rover_4wheels)
[2.928s] INFO:colcon.colcon_core.shell:Creating package script '/home/bernd/ros2_ws/rover_4wheels/install/rover_4wheels/share/rover_4wheels/package.ps1'
[2.928s] INFO:colcon.colcon_core.shell:Creating package descriptor '/home/bernd/ros2_ws/rover_4wheels/install/rover_4wheels/share/rover_4wheels/package.dsv'
[2.929s] INFO:colcon.colcon_core.shell:Creating package script '/home/bernd/ros2_ws/rover_4wheels/install/rover_4wheels/share/rover_4wheels/package.sh'
[2.930s] INFO:colcon.colcon_core.shell:Creating package script '/home/bernd/ros2_ws/rover_4wheels/install/rover_4wheels/share/rover_4wheels/package.bash'
[2.931s] INFO:colcon.colcon_core.shell:Creating package script '/home/bernd/ros2_ws/rover_4wheels/install/rover_4wheels/share/rover_4wheels/package.zsh'
[2.931s] Level 1:colcon.colcon_core.environment:create_file_with_runtime_dependencies(/home/bernd/ros2_ws/rover_4wheels/install/rover_4wheels/share/colcon-core/packages/rover_4wheels)
[2.932s] DEBUG:colcon.colcon_parallel_executor.executor.parallel:closing loop
[2.932s] DEBUG:colcon.colcon_parallel_executor.executor.parallel:loop closed
[2.932s] DEBUG:colcon.colcon_parallel_executor.executor.parallel:run_until_complete finished with '0'
[2.933s] DEBUG:colcon.colcon_core.event_reactor:joining thread
[2.940s] INFO:colcon.colcon_core.plugin_system:Skipping extension 'colcon_notification.desktop_notification.terminal_notifier': Not used on non-Darwin systems
[2.940s] INFO:colcon.colcon_core.plugin_system:Skipping extension 'colcon_notification.desktop_notification.win32': Not used on non-Windows systems
[2.941s] INFO:colcon.colcon_notification.desktop_notification:Sending desktop notification using 'notify2'
[2.966s] DEBUG:colcon.colcon_core.event_reactor:joined thread
[2.967s] INFO:colcon.colcon_core.shell:Creating prefix script '/home/bernd/ros2_ws/rover_4wheels/install/local_setup.ps1'
[2.968s] INFO:colcon.colcon_core.shell:Creating prefix util module '/home/bernd/ros2_ws/rover_4wheels/install/_local_setup_util_ps1.py'
[2.970s] INFO:colcon.colcon_core.shell:Creating prefix chain script '/home/bernd/ros2_ws/rover_4wheels/install/setup.ps1'
[2.971s] INFO:colcon.colcon_core.shell:Creating prefix script '/home/bernd/ros2_ws/rover_4wheels/install/local_setup.sh'
[2.972s] INFO:colcon.colcon_core.shell:Creating prefix util module '/home/bernd/ros2_ws/rover_4wheels/install/_local_setup_util_sh.py'
[2.973s] INFO:colcon.colcon_core.shell:Creating prefix chain script '/home/bernd/ros2_ws/rover_4wheels/install/setup.sh'
[2.976s] INFO:colcon.colcon_core.shell:Creating prefix script '/home/bernd/ros2_ws/rover_4wheels/install/local_setup.bash'
[2.977s] INFO:colcon.colcon_core.shell:Creating prefix chain script '/home/bernd/ros2_ws/rover_4wheels/install/setup.bash'
[2.978s] INFO:colcon.colcon_core.shell:Creating prefix script '/home/bernd/ros2_ws/rover_4wheels/install/local_setup.zsh'
[2.979s] INFO:colcon.colcon_core.shell:Creating prefix chain script '/home/bernd/ros2_ws/rover_4wheels/install/setup.zsh'
