running egg_info
creating build/rover_4wheels/rover_4wheels.egg-info
writing build/rover_4wheels/rover_4wheels.egg-info/PKG-INFO
writing dependency_links to build/rover_4wheels/rover_4wheels.egg-info/dependency_links.txt
writing entry points to build/rover_4wheels/rover_4wheels.egg-info/entry_points.txt
writing requirements to build/rover_4wheels/rover_4wheels.egg-info/requires.txt
writing top-level names to build/rover_4wheels/rover_4wheels.egg-info/top_level.txt
writing manifest file 'build/rover_4wheels/rover_4wheels.egg-info/SOURCES.txt'
reading manifest file 'build/rover_4wheels/rover_4wheels.egg-info/SOURCES.txt'
writing manifest file 'build/rover_4wheels/rover_4wheels.egg-info/SOURCES.txt'
running build
running build_py
creating /home/bernd/ros2_ws/rover_4wheels/build/rover_4wheels/build
creating /home/bernd/ros2_ws/rover_4wheels/build/rover_4wheels/build/lib
creating /home/bernd/ros2_ws/rover_4wheels/build/rover_4wheels/build/lib/rover_4wheels
copying rover_4wheels/Rover.py -> /home/bernd/ros2_ws/rover_4wheels/build/rover_4wheels/build/lib/rover_4wheels
copying rover_4wheels/__init__.py -> /home/bernd/ros2_ws/rover_4wheels/build/rover_4wheels/build/lib/rover_4wheels
running install
running install_lib
creating /home/bernd/ros2_ws/rover_4wheels/install/rover_4wheels/lib/python3.12/site-packages/rover_4wheels
copying /home/bernd/ros2_ws/rover_4wheels/build/rover_4wheels/build/lib/rover_4wheels/Rover.py -> /home/bernd/ros2_ws/rover_4wheels/install/rover_4wheels/lib/python3.12/site-packages/rover_4wheels
copying /home/bernd/ros2_ws/rover_4wheels/build/rover_4wheels/build/lib/rover_4wheels/__init__.py -> /home/bernd/ros2_ws/rover_4wheels/install/rover_4wheels/lib/python3.12/site-packages/rover_4wheels
byte-compiling /home/bernd/ros2_ws/rover_4wheels/install/rover_4wheels/lib/python3.12/site-packages/rover_4wheels/Rover.py to Rover.cpython-312.pyc
byte-compiling /home/bernd/ros2_ws/rover_4wheels/install/rover_4wheels/lib/python3.12/site-packages/rover_4wheels/__init__.py to __init__.cpython-312.pyc
running install_data
creating /home/bernd/ros2_ws/rover_4wheels/install/rover_4wheels/share/ament_index
creating /home/bernd/ros2_ws/rover_4wheels/install/rover_4wheels/share/ament_index/resource_index
creating /home/bernd/ros2_ws/rover_4wheels/install/rover_4wheels/share/ament_index/resource_index/packages
copying resource/rover_4wheels -> /home/bernd/ros2_ws/rover_4wheels/install/rover_4wheels/share/ament_index/resource_index/packages
copying package.xml -> /home/bernd/ros2_ws/rover_4wheels/install/rover_4wheels/share/rover_4wheels
running install_egg_info
Copying build/rover_4wheels/rover_4wheels.egg-info to /home/bernd/ros2_ws/rover_4wheels/install/rover_4wheels/lib/python3.12/site-packages/rover_4wheels-0.0.0-py3.12.egg-info
running install_scripts
Installing rover_node script to /home/bernd/ros2_ws/rover_4wheels/install/rover_4wheels/lib/rover_4wheels
writing list of installed files to '/home/bernd/ros2_ws/rover_4wheels/build/rover_4wheels/install.log'
