[1.536s] Invoking command in '/home/bernd/ros2_ws/rover_4wheels': DEBUGINFOD_URLS=https://debuginfod.ubuntu.com PYTHONPATH=/home/bernd/ros2_ws/rover_4wheels/build/rover_4wheels/prefix_override:/usr/lib/python3/dist-packages/colcon_core/task/python/colcon_distutils_commands:/home/bernd/ros2_ws/rover_4wheels/install/rover_4wheels/lib/python3.12/site-packages:${PYTHONPATH} /usr/bin/python3 -W ignore:setup.py install is deprecated -W ignore:easy_install command is deprecated setup.py egg_info --egg-base build/rover_4wheels build --build-base /home/bernd/ros2_ws/rover_4wheels/build/rover_4wheels/build install --record /home/bernd/ros2_ws/rover_4wheels/build/rover_4wheels/install.log --single-version-externally-managed install_data
[2.033s] running egg_info
[2.033s] creating build/rover_4wheels/rover_4wheels.egg-info
[2.074s] writing build/rover_4wheels/rover_4wheels.egg-info/PKG-INFO
[2.074s] writing dependency_links to build/rover_4wheels/rover_4wheels.egg-info/dependency_links.txt
[2.074s] writing entry points to build/rover_4wheels/rover_4wheels.egg-info/entry_points.txt
[2.074s] writing requirements to build/rover_4wheels/rover_4wheels.egg-info/requires.txt
[2.074s] writing top-level names to build/rover_4wheels/rover_4wheels.egg-info/top_level.txt
[2.075s] writing manifest file 'build/rover_4wheels/rover_4wheels.egg-info/SOURCES.txt'
[2.158s] reading manifest file 'build/rover_4wheels/rover_4wheels.egg-info/SOURCES.txt'
[2.158s] writing manifest file 'build/rover_4wheels/rover_4wheels.egg-info/SOURCES.txt'
[2.159s] running build
[2.159s] running build_py
[2.159s] creating /home/bernd/ros2_ws/rover_4wheels/build/rover_4wheels/build
[2.159s] creating /home/bernd/ros2_ws/rover_4wheels/build/rover_4wheels/build/lib
[2.159s] creating /home/bernd/ros2_ws/rover_4wheels/build/rover_4wheels/build/lib/rover_4wheels
[2.159s] copying rover_4wheels/Rover.py -> /home/bernd/ros2_ws/rover_4wheels/build/rover_4wheels/build/lib/rover_4wheels
[2.160s] copying rover_4wheels/__init__.py -> /home/bernd/ros2_ws/rover_4wheels/build/rover_4wheels/build/lib/rover_4wheels
[2.160s] running install
[2.169s] running install_lib
[2.212s] creating /home/bernd/ros2_ws/rover_4wheels/install/rover_4wheels/lib/python3.12/site-packages/rover_4wheels
[2.212s] copying /home/bernd/ros2_ws/rover_4wheels/build/rover_4wheels/build/lib/rover_4wheels/Rover.py -> /home/bernd/ros2_ws/rover_4wheels/install/rover_4wheels/lib/python3.12/site-packages/rover_4wheels
[2.212s] copying /home/bernd/ros2_ws/rover_4wheels/build/rover_4wheels/build/lib/rover_4wheels/__init__.py -> /home/bernd/ros2_ws/rover_4wheels/install/rover_4wheels/lib/python3.12/site-packages/rover_4wheels
[2.213s] byte-compiling /home/bernd/ros2_ws/rover_4wheels/install/rover_4wheels/lib/python3.12/site-packages/rover_4wheels/Rover.py to Rover.cpython-312.pyc
[2.215s] byte-compiling /home/bernd/ros2_ws/rover_4wheels/install/rover_4wheels/lib/python3.12/site-packages/rover_4wheels/__init__.py to __init__.cpython-312.pyc
[2.215s] running install_data
[2.216s] creating /home/bernd/ros2_ws/rover_4wheels/install/rover_4wheels/share/ament_index
[2.216s] creating /home/bernd/ros2_ws/rover_4wheels/install/rover_4wheels/share/ament_index/resource_index
[2.216s] creating /home/bernd/ros2_ws/rover_4wheels/install/rover_4wheels/share/ament_index/resource_index/packages
[2.216s] copying resource/rover_4wheels -> /home/bernd/ros2_ws/rover_4wheels/install/rover_4wheels/share/ament_index/resource_index/packages
[2.216s] copying package.xml -> /home/bernd/ros2_ws/rover_4wheels/install/rover_4wheels/share/rover_4wheels
[2.216s] running install_egg_info
[2.261s] Copying build/rover_4wheels/rover_4wheels.egg-info to /home/bernd/ros2_ws/rover_4wheels/install/rover_4wheels/lib/python3.12/site-packages/rover_4wheels-0.0.0-py3.12.egg-info
[2.262s] running install_scripts
[2.528s] Installing rover_node script to /home/bernd/ros2_ws/rover_4wheels/install/rover_4wheels/lib/rover_4wheels
[2.528s] writing list of installed files to '/home/bernd/ros2_ws/rover_4wheels/build/rover_4wheels/install.log'
[2.617s] Invoked command in '/home/bernd/ros2_ws/rover_4wheels' returned '0': DEBUGINFOD_URLS=https://debuginfod.ubuntu.com PYTHONPATH=/home/bernd/ros2_ws/rover_4wheels/build/rover_4wheels/prefix_override:/usr/lib/python3/dist-packages/colcon_core/task/python/colcon_distutils_commands:/home/bernd/ros2_ws/rover_4wheels/install/rover_4wheels/lib/python3.12/site-packages:${PYTHONPATH} /usr/bin/python3 -W ignore:setup.py install is deprecated -W ignore:easy_install command is deprecated setup.py egg_info --egg-base build/rover_4wheels build --build-base /home/bernd/ros2_ws/rover_4wheels/build/rover_4wheels/build install --record /home/bernd/ros2_ws/rover_4wheels/build/rover_4wheels/install.log --single-version-externally-managed install_data
