[1.517s] Invoking command in '/home/bernd/ros2_ws/rover_4wheels': DEBUGINFOD_URLS=https://debuginfod.ubuntu.com PYTHONPATH=/home/bernd/ros2_ws/rover_4wheels/build/rover_4wheels/prefix_override:/usr/lib/python3/dist-packages/colcon_core/task/python/colcon_distutils_commands:/home/bernd/ros2_ws/rover_4wheels/install/rover_4wheels/lib/python3.12/site-packages:${PYTHONPATH} /usr/bin/python3 -W ignore:setup.py install is deprecated -W ignore:easy_install command is deprecated setup.py egg_info --egg-base build/rover_4wheels build --build-base /home/bernd/ros2_ws/rover_4wheels/build/rover_4wheels/build install --record /home/bernd/ros2_ws/rover_4wheels/build/rover_4wheels/install.log --single-version-externally-managed install_data
[2.000s] running egg_info
[2.041s] writing build/rover_4wheels/rover_4wheels.egg-info/PKG-INFO
[2.041s] writing dependency_links to build/rover_4wheels/rover_4wheels.egg-info/dependency_links.txt
[2.042s] writing entry points to build/rover_4wheels/rover_4wheels.egg-info/entry_points.txt
[2.042s] writing requirements to build/rover_4wheels/rover_4wheels.egg-info/requires.txt
[2.042s] writing top-level names to build/rover_4wheels/rover_4wheels.egg-info/top_level.txt
[2.122s] reading manifest file 'build/rover_4wheels/rover_4wheels.egg-info/SOURCES.txt'
[2.123s] writing manifest file 'build/rover_4wheels/rover_4wheels.egg-info/SOURCES.txt'
[2.124s] running build
[2.124s] running build_py
[2.124s] copying rover_4wheels/Rover.py -> /home/bernd/ros2_ws/rover_4wheels/build/rover_4wheels/build/lib/rover_4wheels
[2.124s] running install
[2.134s] running install_lib
[2.174s] copying /home/bernd/ros2_ws/rover_4wheels/build/rover_4wheels/build/lib/rover_4wheels/Rover.py -> /home/bernd/ros2_ws/rover_4wheels/install/rover_4wheels/lib/python3.12/site-packages/rover_4wheels
[2.175s] byte-compiling /home/bernd/ros2_ws/rover_4wheels/install/rover_4wheels/lib/python3.12/site-packages/rover_4wheels/Rover.py to Rover.cpython-312.pyc
[2.177s] running install_data
[2.177s] running install_egg_info
[2.219s] removing '/home/bernd/ros2_ws/rover_4wheels/install/rover_4wheels/lib/python3.12/site-packages/rover_4wheels-0.0.0-py3.12.egg-info' (and everything under it)
[2.220s] Copying build/rover_4wheels/rover_4wheels.egg-info to /home/bernd/ros2_ws/rover_4wheels/install/rover_4wheels/lib/python3.12/site-packages/rover_4wheels-0.0.0-py3.12.egg-info
[2.221s] running install_scripts
[2.478s] Installing rover_node script to /home/bernd/ros2_ws/rover_4wheels/install/rover_4wheels/lib/rover_4wheels
[2.479s] writing list of installed files to '/home/bernd/ros2_ws/rover_4wheels/build/rover_4wheels/install.log'
[2.562s] Invoked command in '/home/bernd/ros2_ws/rover_4wheels' returned '0': DEBUGINFOD_URLS=https://debuginfod.ubuntu.com PYTHONPATH=/home/bernd/ros2_ws/rover_4wheels/build/rover_4wheels/prefix_override:/usr/lib/python3/dist-packages/colcon_core/task/python/colcon_distutils_commands:/home/bernd/ros2_ws/rover_4wheels/install/rover_4wheels/lib/python3.12/site-packages:${PYTHONPATH} /usr/bin/python3 -W ignore:setup.py install is deprecated -W ignore:easy_install command is deprecated setup.py egg_info --egg-base build/rover_4wheels build --build-base /home/bernd/ros2_ws/rover_4wheels/build/rover_4wheels/build install --record /home/bernd/ros2_ws/rover_4wheels/build/rover_4wheels/install.log --single-version-externally-managed install_data
